<?xml version="1.0" encoding="UTF-8"?>
<!-- Generated by org.testng.reporters.JUnitReportReporter -->
<testsuite hostname="jnanda-mac" name="com.qa.testcases.LoginPageTest" tests="1" failures="0" timestamp="15 Jul 2020 16:13:47 GMT" time="5.434" errors="0">
  <testcase name="validatePageTitle" time="5.434" classname="com.qa.testcases.LoginPageTest"/>
</testsuite> <!-- com.qa.testcases.LoginPageTest -->
