<?xml version="1.0" encoding="UTF-8"?>
<!-- Generated by org.testng.reporters.JUnitReportReporter -->
<testsuite hostname="jnanda-mac" name="com.qa.testcases.SignUpPageTest" tests="1" failures="0" timestamp="15 Jul 2020 16:13:47 GMT" time="8.433" errors="0">
  <testcase name="verifyRegisterPage" time="8.433" classname="com.qa.testcases.SignUpPageTest"/>
</testsuite> <!-- com.qa.testcases.SignUpPageTest -->
