<?xml version="1.0" encoding="UTF-8"?>
<!-- Generated by org.testng.reporters.JUnitReportReporter -->
<testsuite skipped="0" hostname="DESKTOP-LL3MSLP" name="com.qa.testcases.DemoCICD" tests="3" failures="0" timestamp="26 Apr 2021 08:18:55 GMT" time="22.856" errors="0">
  <testcase name="facebook_test" time="5.936" classname="com.qa.testcases.DemoCICD"/>
  <testcase name="gearbest_test" time="11.566" classname="com.qa.testcases.DemoCICD"/>
  <testcase name="google_test" time="5.354" classname="com.qa.testcases.DemoCICD"/>
</testsuite> <!-- com.qa.testcases.DemoCICD -->
