<?xml version="1.0" encoding="UTF-8"?>
<!-- Generated by org.testng.reporters.JUnitReportReporter -->
<testsuite hostname="jnanda-mac" name="com.qa.base.Testbase" tests="1" failures="0" timestamp="10 Jul 2020 15:23:05 GMT" time="4.970" errors="0">
  <testcase name="initialize" time="4.970" classname="com.qa.base.Testbase"/>
</testsuite> <!-- com.qa.base.Testbase -->
